Compiled using GNU Fortran (GCC) 11.4.1 20231218 (Red Hat 11.4.1-3) with all optimizations
Last Brick update 16:27:30 on Nov 14 2024
Compiled at 13:30:58 on Nov 12 2024
Starting at 17:50:13 on Nov 15 2024

Settings
OK                      

Forcefield
OK                      

Topology
OK                      

Configuration
OK                      Read from ./INPUT/restart.in

 F
Monte Carlo Simulation initialized.

##############################################################################
######################   ENERGY STARTING CONFIGURATION   #####################
##############################################################################

Lennard Jones        
 Intermolecular                         -0.7016470381E+006
 Tailcorrection                         -0.2865066885E+005
Total Intermolecular                    -0.7302977070E+006

Electrostatic        
 Real                                   -0.3061191856E+006
 Exclusion                               0.4596681409E+007
 Selfterm                               -0.5786637223E+007
 Fourier                                 0.3031234851E+005
Total Intermolecular                    -0.1465762651E+007

Intramolecular       
 Lennard Jones                          -0.2653226840E+004
 Electrostatic                           0.7276123244E+006
 Bending                                 0.4052612788E+006
 Torsion                                -0.5283822615E+005

Total                                   -0.1118678208E+007

##############################################################################

Simulation is running...



##############################################################################
#########################   RELATIVE ENERGY DRIFTS   #########################
##############################################################################

Lennard Jones        
 Intermolecular                          0.1298809166E-014
 Tailcorrection                          0.0000000000E+000

Electrostatic        
 Real                                    0.5765755888E-015
 Exclusion                               0.2027024216E-015
 Selfterm                                0.0000000000E+000
 Fourier                                 0.3544966885E-015

Intramolecular       
 Lennard Jones                           0.6746213008E-013
 Electrostatic                           0.4851536837E-015
 Bending                                 0.1440280734E-015
 Torsion                                 0.0000000000E+000

Total                                    0.2024480444E-015

##############################################################################
#######################   TRIAL MOVE ACCEPTANCE RATES   ######################
##############################################################################

Translation
 bmim                                         0.49186
 tf2n                                         0.49809
 CO2                                          0.47267
------------------------------------------------------------------------------
Rotation
 bmim                                         0.50855
 tf2n                                         0.49205
 CO2                                          0.43903
------------------------------------------------------------------------------
Bond Bending
 bmim                    
  Bending 1                                   0.40108
  Bending 2                                   0.40171
  Bending 3                                   0.40077
  Bending 4                                   0.36024
  Bending 5                                   0.36192
  Bending 6                                   0.35839
  Bending 7                                   0.38555
  Bending 8                                   0.38901
  Bending 9                                   0.31581
  Bending 10                                  0.42856
  Bending 11                                  0.35721
  Bending 12                                  0.35447
  Bending 13                                  0.31833
  Bending 14                                  0.38721
  Bending 15                                  0.40329
  Bending 16                                  0.45388
  Bending 17                                  0.34852
  Bending 18                                  0.35158
  Bending 19                                  0.29786
  Bending 20                                  0.39744
  Bending 21                                  0.42145
  Bending 22                                  0.46093
  Bending 23                                  0.32965
  Bending 24                                  0.34090
  Bending 25                                  0.40699
  Bending 26                                  0.39636
  Bending 27                                  0.46343
  Bending 28                                  0.35743
  Bending 29                                  0.35424
  Bending 30                                  0.36409
 tf2n                    
  Bending 1                                   0.34663
  Bending 2                                   0.34561
  Bending 3                                   0.34205
  Bending 4                                   0.34324
  Bending 5                                   0.34627
  Bending 6                                   0.34349
  Bending 7                                   0.31566
  Bending 8                                   0.32104
  Bending 9                                   0.31562
  Bending 10                                  0.31909
  Bending 11                                  0.33367
  Bending 12                                  0.33108
  Bending 13                                  0.33028
  Bending 14                                  0.33121
  Bending 15                                  0.33285
  Bending 16                                  0.33395
  Bending 17                                  0.29515
  Bending 18                                  0.29900
  Bending 19                                  0.30030
  Bending 20                                  0.29850
  Bending 21                                  0.34084
  Bending 22                                  0.34083
  Bending 23                                  0.33850
  Bending 24                                  0.34050
  Bending 25                                  0.34431
------------------------------------------------------------------------------
Torsion
 bmim                    
  Torsion 1                                   0.44598
  Torsion 2                                   0.44970
  Torsion 3                                   0.44988
  Torsion 4                                   0.48545
  Torsion 5                                   0.49067
  Torsion 6                                   0.48659
  Torsion 7                                   0.50805
  Torsion 8                                   0.50080
  Torsion 9                                   0.50391
  Torsion 10                                  0.48763
  Torsion 11                                  0.47983
  Torsion 12                                  0.44919
  Torsion 13                                  0.45221
  Torsion 14                                  0.44846
  Torsion 15                                  0.44657
  Torsion 16                                  0.44848
  Torsion 17                                  0.45111
  Torsion 18                                  0.50408
  Torsion 19                                  0.50479
  Torsion 20                                  0.50314
  Torsion 21                                  0.50476
  Torsion 22                                  0.50630
  Torsion 23                                  0.51056
  Torsion 24                                  0.48016
  Torsion 25                                  0.48538
  Torsion 26                                  0.48563
  Torsion 27                                  0.48906
 tf2n                    
  Torsion 1                                   0.50537
  Torsion 2                                   0.50701
  Torsion 3                                   0.50715
  Torsion 4                                   0.50795
  Torsion 5                                   0.50457
  Torsion 6                                   0.50740
  Torsion 7                                   0.50513
  Torsion 8                                   0.51070
  Torsion 9                                   0.50699
  Torsion 10                                  0.50432
  Torsion 11                                  0.50572
  Torsion 12                                  0.50654
  Torsion 13                                  0.50822
  Torsion 14                                  0.51061
  Torsion 15                                  0.50836
  Torsion 16                                  0.51436
  Torsion 17                                  0.50839
  Torsion 18                                  0.50546
  Torsion 19                                  0.50385
  Torsion 20                                  0.50666
  Torsion 21                                  0.50478
  Torsion 22                                  0.50350
  Torsion 23                                  0.50940
  Torsion 24                                  0.51143
------------------------------------------------------------------------------
Lambda Move
 CO2_f                                        0.71281
------------------------------------------------------------------------------
Fractional Reinsertion
 CO2_f                                        0.17275
------------------------------------------------------------------------------
Fractional Identity Change
 CO2_f                                        0.00000
------------------------------------------------------------------------------
Volume                                        0.50440

##############################################################################
################################   AVERAGES   ################################
##############################################################################
                                             Boltzmann            Biased
Density
 bmim                                    0.4754519919E+003   0.4754944469E+003
 tf2n                                    0.9567130070E+003   0.9567984359E+003
 CO2                                     0.0000000000E+000   0.0000000000E+000
 Total                                   0.1432164999E+004   0.1432292883E+004

Number of molecules
 bmim                                    0.5000000000E+002   0.5000000000E+002
 tf2n                                    0.5000000000E+002   0.5000000000E+002
 CO2                                     0.0000000000E+000   0.0000000000E+000
 Total                                   0.1000000000E+003   0.1000000000E+003

Mole fractions
 bmim                                         0.50000             0.50000
 tf2n                                         0.50000             0.50000
 CO2                                          0.00000             0.00000

Volume                                   0.2431322522E+005   0.2431103211E+005

##############################################################################
##########################   PROPERTIES FROM CFCMC   #########################
##############################################################################
                                             Boltzmann            Biased
Chemical Potentials
==============================================================================

Total CO2_f                                      -Infinity           -Infinity
 Ideal gas                                       -Infinity           -Infinity
 Excess                                 -0.5524076015E+003  -0.5524076015E+003

------------------------------------------------------------------------------

Fugacity coefficients
==============================================================================

CO2_f                                                  NaN                 NaN

Excess Partial Molar Enthalpy
==============================================================================

CO2_f                                   -0.4717762821E+004

Partial Molar Volume
==============================================================================

CO2_f                                    0.2479930737E+002


##############################################################################
####################   PROPERTIES FROM UMBRELLA SAMPLING   ###################
##############################################################################

Excess Partial Molar Enthalpy
==============================================================================

CO2_f                                                  NaN

Partial Molar Volume
==============================================================================

CO2_f                                                  NaN

##############################################################################
############################   AVERAGE ENERGIES   ############################
##############################################################################
                                             Boltzmann            Biased
Lennard Jones        
 Intermolecular                         -0.7153450388E+006  -0.7151979412E+006
 Tailcorrection                         -0.2897097331E+005  -0.2896599594E+005
Total Intermolecular                    -0.7443160121E+006  -0.7441639371E+006

Electrostatic        
 Real                                   -0.3060034384E+006  -0.3058244216E+006
 Exclusion                               0.4604739773E+007   0.4600078014E+007
 Selfterm                               -0.5795331556E+007  -0.5790606823E+007
 Fourier                                 0.3070291942E+005   0.3070483411E+005
Total Intermolecular                    -0.1465892301E+007  -0.1465648397E+007

Intramolecular       
 Lennard Jones                          -0.3092905609E+004  -0.2986894378E+004
 Electrostatic                           0.7208570103E+006   0.7207096988E+006
 Bending                                 0.3952510775E+006   0.3952821376E+006
 Torsion                                -0.5802755784E+005  -0.5795840469E+005

Total                                   -0.1155220689E+007  -0.1154765797E+007

##############################################################################                                           

No errors found in bookkeeping.

Total simulation time :  2 days and  17 hours

Simulation finished.

