#   100 bins for weightfunction of CO2_f                   
 0.0000000    0.8626708984E+000
 0.0101010    0.8459960938E+000
 0.0202020    0.8553222656E+000
 0.0303030    0.9121826172E+000
 0.0404040    0.9438476563E+000
 0.0505051    0.9995117188E+000
 0.0606061    0.1034399414E+001
 0.0707071    0.1109472656E+001
 0.0808081    0.1206225586E+001
 0.0909091    0.1292114258E+001
 0.1010101    0.1396728516E+001
 0.1111111    0.1468041992E+001
 0.1212121    0.1590039062E+001
 0.1313131    0.1706567383E+001
 0.1414141    0.1815673828E+001
 0.1515152    0.1930639648E+001
 0.1616162    0.2036523437E+001
 0.1717172    0.2143457031E+001
 0.1818182    0.2240795898E+001
 0.1919192    0.2363745117E+001
 0.2020202    0.2435351562E+001
 0.2121212    0.2539624023E+001
 0.2222222    0.2617211914E+001
 0.2323232    0.2695336914E+001
 0.2424242    0.2757519531E+001
 0.2525253    0.2796264648E+001
 0.2626263    0.2870629883E+001
 0.2727273    0.2898217773E+001
 0.2828283    0.2931762695E+001
 0.2929293    0.2957006836E+001
 0.3030303    0.2974511719E+001
 0.3131313    0.2984033203E+001
 0.3232323    0.2983227539E+001
 0.3333333    0.2992089844E+001
 0.3434343    0.2971289062E+001
 0.3535354    0.2969213867E+001
 0.3636364    0.2960522461E+001
 0.3737374    0.2936059570E+001
 0.3838384    0.2915551758E+001
 0.3939394    0.2879833984E+001
 0.4040404    0.2840722656E+001
 0.4141414    0.2813305664E+001
 0.4242424    0.2751831055E+001
 0.4343434    0.2710913086E+001
 0.4444444    0.2641845703E+001
 0.4545455    0.2597119141E+001
 0.4646465    0.2550610352E+001
 0.4747475    0.2491943359E+001
 0.4848485    0.2444995117E+001
 0.4949495    0.2367675781E+001
 0.5050505    0.2320532227E+001
 0.5151515    0.2249194336E+001
 0.5252525    0.2172192383E+001
 0.5353535    0.2112231445E+001
 0.5454545    0.2042211914E+001
 0.5555556    0.1968359375E+001
 0.5656566    0.1904467773E+001
 0.5757576    0.1819238281E+001
 0.5858586    0.1745190430E+001
 0.5959596    0.1670117188E+001
 0.6060606    0.1626562500E+001
 0.6161616    0.1625366211E+001
 0.6262626    0.1614624023E+001
 0.6363636    0.1591967773E+001
 0.6464646    0.1587255859E+001
 0.6565657    0.1559423828E+001
 0.6666667    0.1545971680E+001
 0.6767677    0.1530126953E+001
 0.6868687    0.1509350586E+001
 0.6969697    0.1486303711E+001
 0.7070707    0.1463256836E+001
 0.7171717    0.1429858398E+001
 0.7272727    0.1405029297E+001
 0.7373737    0.1376977539E+001
 0.7474747    0.1327246094E+001
 0.7575758    0.1305688477E+001
 0.7676768    0.1271752930E+001
 0.7777778    0.1245556641E+001
 0.7878788    0.1195214844E+001
 0.7979798    0.1160546875E+001
 0.8080808    0.1114331055E+001
 0.8181818    0.1061669922E+001
 0.8282828    0.1027929688E+001
 0.8383838    0.9710937500E+000
 0.8484848    0.9225585938E+000
 0.8585859    0.8651123047E+000
 0.8686869    0.8130371094E+000
 0.8787879    0.7573242188E+000
 0.8888889    0.7024658203E+000
 0.8989899    0.6229003906E+000
 0.9090909    0.5692871094E+000
 0.9191919    0.5198730469E+000
 0.9292929    0.4466308594E+000
 0.9393939    0.3808593750E+000
 0.9494949    0.3137695313E+000
 0.9595960    0.2465576172E+000
 0.9696970    0.1868896484E+000
 0.9797980    0.9973144531E-001
 0.9898990    0.2739257813E-001
 1.0000000    0.0000000000E+000


