 0.0000000   0.9093887259E+000   0.6125267327E+000
 0.0101010   0.8892441344E+000   0.5890534653E+000
 0.0202020   0.8899897082E+000   0.5950712871E+000
 0.0303030   0.8597549035E+000   0.6084891089E+000
 0.0404040   0.8408426174E+000   0.6142495050E+000
 0.0505051   0.7888838665E+000   0.6092811881E+000
 0.0606061   0.7537246785E+000   0.6027940594E+000
 0.0707071   0.6926978427E+000   0.5971782178E+000
 0.0808081   0.6342345496E+000   0.6023227723E+000
 0.0909091   0.5863477841E+000   0.6067861386E+000
 0.1010101   0.5415342434E+000   0.6222138614E+000
 0.1111111   0.4790456265E+000   0.5911009901E+000
 0.1212121   0.4321344890E+000   0.6024019802E+000
 0.1313131   0.3883300873E+000   0.6082415842E+000
 0.1414141   0.3468175801E+000   0.6058435644E+000
 0.1515152   0.3119833315E+000   0.6113920792E+000
 0.1616162   0.2760670476E+000   0.6014336634E+000
 0.1717172   0.2508435216E+000   0.6081584158E+000
 0.1818182   0.2266615311E+000   0.6057108911E+000
 0.1919192   0.2022099475E+000   0.6110633663E+000
 0.2020202   0.1850585941E+000   0.6007465347E+000
 0.2121212   0.1692808684E+000   0.6099227723E+000
 0.2222222   0.1572739417E+000   0.6123782178E+000
 0.2323232   0.1506157125E+000   0.6341069307E+000
 0.2424242   0.1409134039E+000   0.6313207921E+000
 0.2525253   0.1351962756E+000   0.6296356436E+000
 0.2626263   0.1299386125E+000   0.6518673267E+000
 0.2727273   0.1265702907E+000   0.6527306931E+000
 0.2828283   0.1241270894E+000   0.6619683168E+000
 0.2929293   0.1225693896E+000   0.6703722772E+000
 0.3030303   0.1235170822E+000   0.6874851485E+000
 0.3131313   0.1231712160E+000   0.6921188119E+000
 0.3232323   0.1240538041E+000   0.6965168317E+000
 0.3333333   0.1280119911E+000   0.7251386139E+000
 0.3434343   0.1321360213E+000   0.7330910891E+000
 0.3535354   0.1370325838E+000   0.7586811881E+000
 0.3636364   0.1410879971E+000   0.7743742574E+000
 0.3737374   0.1481449624E+000   0.7934574257E+000
 0.3838384   0.1565256974E+000   0.8213267327E+000
 0.3939394   0.1649254830E+000   0.8350376238E+000
 0.4040404   0.1756935841E+000   0.8554376238E+000
 0.4141414   0.1891513681E+000   0.8960554455E+000
 0.4242424   0.1978077358E+000   0.8811920792E+000
 0.4343434   0.2120348391E+000   0.9067009901E+000
 0.4444444   0.2322790830E+000   0.9269821782E+000
 0.4545455   0.2487647798E+000   0.9493485149E+000
 0.4646465   0.2689399222E+000   0.9797009901E+000
 0.4747475   0.2889539343E+000   0.9926316832E+000
 0.4848485   0.3141111410E+000   0.1029564356E+001
 0.4949495   0.3449676967E+000   0.1046572277E+001
 0.5050505   0.3699148712E+000   0.1070578218E+001
 0.5151515   0.4083171737E+000   0.1100354455E+001
 0.5252525   0.4450258540E+000   0.1110398020E+001
 0.5353535   0.4812343764E+000   0.1130861386E+001
 0.5454545   0.5278473211E+000   0.1156516832E+001
 0.5555556   0.5872667871E+000   0.1195102970E+001
 0.5656566   0.6370730700E+000   0.1216217822E+001
 0.5757576   0.7063967047E+000   0.1238386139E+001
 0.5858586   0.7783688751E+000   0.1267168317E+001
 0.5959596   0.8511066413E+000   0.1285372277E+001
 0.6060606   0.9019843056E+000   0.1304152475E+001
 0.6161616   0.9189465206E+000   0.1327089109E+001
 0.6262626   0.9232094069E+000   0.1319000000E+001
 0.6363636   0.9322569208E+000   0.1302089109E+001
 0.6464646   0.9483191959E+000   0.1318297030E+001
 0.6565657   0.9540407832E+000   0.1289847525E+001
 0.6666667   0.9813357779E+000   0.1309021782E+001
 0.6767677   0.9948292553E+000   0.1306160396E+001
 0.6868687   0.1021254849E+001   0.1313285149E+001
 0.6969697   0.1046065515E+001   0.1314542574E+001
 0.7070707   0.1066945198E+001   0.1310233663E+001
 0.7171717   0.1100927093E+001   0.1307556436E+001
 0.7272727   0.1140455812E+001   0.1321287129E+001
 0.7373737   0.1171939017E+001   0.1320203960E+001
 0.7474747   0.1212263404E+001   0.1299376238E+001
 0.7575758   0.1248885546E+001   0.1310081188E+001
 0.7676768   0.1296413807E+001   0.1314562376E+001
 0.7777778   0.1341544878E+001   0.1325152475E+001
 0.7878788   0.1403612099E+001   0.1318392079E+001
 0.7979798   0.1469163279E+001   0.1332942574E+001
 0.8080808   0.1518329965E+001   0.1315334653E+001
 0.8181818   0.1596319264E+001   0.1311956436E+001
 0.8282828   0.1672909077E+001   0.1329287129E+001
 0.8383838   0.1755539965E+001   0.1317873267E+001
 0.8484848   0.1863625600E+001   0.1332732673E+001
 0.8585859   0.1947825936E+001   0.1315182178E+001
 0.8686869   0.2048353788E+001   0.1312879208E+001
 0.8787879   0.2197103543E+001   0.1331908911E+001
 0.8888889   0.2299695722E+001   0.1319683168E+001
 0.8989899   0.2447750272E+001   0.1297213861E+001
 0.9090909   0.2618564756E+001   0.1315297030E+001
 0.9191919   0.2776860237E+001   0.1327560396E+001
 0.9292929   0.2984106492E+001   0.1325885149E+001
 0.9393939   0.3213338004E+001   0.1336853465E+001
 0.9494949   0.3412775254E+001   0.1327695050E+001
 0.9595960   0.3668204754E+001   0.1334302970E+001
 0.9696970   0.3929851163E+001   0.1346677228E+001
 0.9797980   0.4262123332E+001   0.1338631683E+001
 0.9898990   0.4552341821E+001   0.1330005941E+001
 1.0000000   0.4773845400E+001   0.1357033663E+001


